<?xml version="1.0" encoding="UTF-8" ?>
<testsuites>
  <testsuite errors="0" failures="0" hostname="linux-i3d8" id="0" name="WSItemDeleteTest" package="com.sapienter.jbilling.server.item" tests="1" time="0.623" timestamp="2011-09-27T15:20:29">
      <properties>
[...]
</properties>

      <testcase classname="com.sapienter.jbilling.server.item.WSItemDeleteTest" name="testDeleteItem" time="0.609" />

      <system-out><![CDATA[Getting item
Deleting item 3001
Done!
]]></system-out>

      <system-err><![CDATA[log4j:WARN No appenders could be found for logger (org.springframework.context.support.ClassPathXmlApplicationContext).
log4j:WARN Please initialize the log4j system properly.
]]></system-err>

  </testsuite>
</testsuites>
